#
# A fatal error has been detected by the Java Runtime Environment:
#
#  Internal Error (javaClasses.cpp:126), pid=4524, tid=3240
#  fatal error: Invalid layout of preloaded class
#
# JRE version:  (8.0_20-b26) (build )
# Java VM: Java HotSpot(TM) Client VM (25.20-b23 mixed mode windows-x86 )
# Failed to write core dump. Minidumps are not enabled by default on client versions of Windows
#
# If you would like to submit a bug report, please visit:
#   http://bugreport.sun.com/bugreport/crash.jsp
#

---------------  T H R E A D  ---------------

Current thread (0x010ebc00):  JavaThread "Unknown thread" [_thread_in_vm, id=3240, stack(0x01b30000,0x01b80000)]

Stack: [0x01b30000,0x01b80000],  sp=0x01b7f448,  free space=317k
Native frames: (J=compiled Java code, j=interpreted, Vv=VM code, C=native code)
V  [jvm.dll+0x196ccb]
V  [jvm.dll+0x18fc56]
V  [jvm.dll+0x3b52a]
V  [jvm.dll+0x3b6e0]
V  [jvm.dll+0x4a2a3]
V  [jvm.dll+0x9d44e]
V  [jvm.dll+0x9d712]
V  [jvm.dll+0x144f11]
V  [jvm.dll+0x168e48]
V  [jvm.dll+0xda6d1]
C  [javaw.exe+0x13e4]
C  [javaw.exe+0x1eb7]
C  [javaw.exe+0xaba1]
C  [javaw.exe+0xac2b]
C  [kernel32.dll+0x51114]
C  [ntdll.dll+0x5b299]
C  [ntdll.dll+0x5b26c]
C  0x00000000


---------------  P R O C E S S  ---------------

Java Threads: ( => current thread )

Other Threads:

=>0x010ebc00 (exited) JavaThread "Unknown thread" [_thread_in_vm, id=3240, stack(0x01b30000,0x01b80000)]

VM state:not at safepoint (not fully initialized)

VM Mutex/Monitor currently owned by a thread: None

GC Heap History (0 events):
No events

Deoptimization events (0 events):
No events

Internal exceptions (0 events):
No events

Events (10 events):
Event: 0.813 loading class java/lang/CharSequence done
Event: 0.814 loading class java/lang/String done
Event: 0.814 loading class java/lang/Class
Event: 0.814 loading class java/lang/reflect/AnnotatedElement
Event: 0.845 loading class java/lang/reflect/AnnotatedElement done
Event: 0.845 loading class java/lang/reflect/GenericDeclaration
Event: 0.845 loading class java/lang/reflect/GenericDeclaration done
Event: 0.845 loading class java/lang/reflect/Type
Event: 0.861 loading class java/lang/reflect/Type done
Event: 0.861 loading class java/lang/Class done


Dynamic libraries:
0x00030000 - 0x00060000 	C:\Program Files\Java\jre1.8.0_20\bin\javaw.exe
0x77bc0000 - 0x77cfc000 	C:\Windows\SYSTEM32\ntdll.dll
0x77a90000 - 0x77b64000 	C:\Windows\system32\kernel32.dll
0x75a40000 - 0x75a8a000 	C:\Windows\system32\KERNELBASE.dll
0x75e30000 - 0x75ed0000 	C:\Windows\system32\ADVAPI32.dll
0x770d0000 - 0x7717c000 	C:\Windows\system32\msvcrt.dll
0x75ed0000 - 0x75ee9000 	C:\Windows\SYSTEM32\sechost.dll
0x773b0000 - 0x77451000 	C:\Windows\system32\RPCRT4.dll
0x772e0000 - 0x773a9000 	C:\Windows\system32\USER32.dll
0x77b70000 - 0x77bbe000 	C:\Windows\system32\GDI32.dll
0x77d20000 - 0x77d2a000 	C:\Windows\system32\LPK.dll
0x75d90000 - 0x75e2d000 	C:\Windows\system32\USP10.dll
0x74940000 - 0x74ade000 	C:\Windows\WinSxS\x86_microsoft.windows.common-controls_6595b64144ccf1df_6.0.7600.16661_none_420fe3fa2b8113bd\COMCTL32.dll
0x77710000 - 0x77767000 	C:\Windows\system32\SHLWAPI.dll
0x77dd0000 - 0x77def000 	C:\Windows\system32\IMM32.DLL
0x76c90000 - 0x76d5c000 	C:\Windows\system32\MSCTF.dll
0x625d0000 - 0x6268f000 	C:\Program Files\Java\jre1.8.0_20\bin\msvcr100.dll
0x5ebf0000 - 0x5ef92000 	C:\Program Files\Java\jre1.8.0_20\bin\client\jvm.dll
0x6a790000 - 0x6a797000 	C:\Windows\system32\WSOCK32.dll
0x75d50000 - 0x75d85000 	C:\Windows\system32\WS2_32.dll
0x77d30000 - 0x77d36000 	C:\Windows\system32\NSI.dll
0x75a90000 - 0x75ac2000 	C:\Windows\system32\WINMM.dll
0x77dc0000 - 0x77dc5000 	C:\Windows\system32\PSAPI.DLL
0x741d0000 - 0x741dc000 	C:\Program Files\Java\jre1.8.0_20\bin\verify.dll
0x5ebc0000 - 0x5ebe1000 	C:\Program Files\Java\jre1.8.0_20\bin\java.dll
0x73470000 - 0x73483000 	C:\Program Files\Java\jre1.8.0_20\bin\zip.dll
0x71c30000 - 0x71d1b000 	C:\Windows\system32\dbghelp.dll

VM Arguments:
jvm_args: -Dfile.encoding=UTF-8 -Xbootclasspath:D:\adt-android-x86\sdk\platforms\android-19\android.jar 
java_command: com.corpit.qr.tools.Security
java_class_path (initial): E:\cjc_home\1.26\MyTabHost\libs\android-support-v4.jar;E:\cjc_home\1.26\MyTabHost\bin\classes
Launcher Type: SUN_STANDARD

Environment Variables:
CLASSPATH=.;C:\Program Files\Java\jdk1.7.0_45\lib
PATH=C:/Program Files/Java/jre1.8.0_20/bin/client;C:/Program Files/Java/jre1.8.0_20/bin;C:/Program Files/Java/jre1.8.0_20/lib/i386;C:\ProgramData\Oracle\Java\javapath;C:\Program Files\NVIDIA Corporation\PhysX\Common;C:\Windows\system32;C:\Windows;C:\Windows\System32\Wbem;C:\Windows\System32\WindowsPowerShell\v1.0\;C:\Program Files\Intel\DMIX;%JAVA_HOME%\bin;C:\Program Files\Java\jdk1.7.0_45\bin;D:\adt-android-x86\sdk\tools;D:\adt-android-x86\sdk\platform-tools;E:\cjc_android_Example\tools\dex2jarD:\adt-android-x86\sdk/tools;D:\Program Files\Git\libexec\git-core;C:\Program Files\Diffuse;D:\adt-android-x86\eclipse;
USERNAME=corpit
OS=Windows_NT
PROCESSOR_IDENTIFIER=x86 Family 6 Model 37 Stepping 5, GenuineIntel



---------------  S Y S T E M  ---------------

OS: Windows 7 Build 7600 

CPU:total 2 (2 cores per cpu, 2 threads per core) family 6 model 37 stepping 5, cmov, cx8, fxsr, mmx, sse, sse2, sse3, ssse3, sse4.1, sse4.2, popcnt, ht, tsc, tscinvbit

Memory: 4k page, physical 3661096k(1142364k free), swap 7320428k(3091648k free)

vm_info: Java HotSpot(TM) Client VM (25.20-b23) for windows-x86 JRE (1.8.0_20-b26), built on Jul 30 2014 18:14:41 by "java_re" with MS VC++ 10.0 (VS2010)

time: Mon Jan 26 16:14:35 2015
elapsed time: 1 seconds (0d 0h 0m 1s)

